Using pre-set license
Built from '2020.3/staging' branch; Version is '2020.3.10f1 (297d780c91bc) revision 2719096'; Using compiler version '192528614'; Build Type 'Release'
OS: 'Windows 10 Pro; OS build 19041.1415; Version 2004; 64bit' Language: 'en' Physical Memory: 65165 MB
BatchMode: 1, IsHumanControllingUs: 0, StartBugReporterOnCrash: 0, Is64bit: 1, IsPro: 0

 COMMAND LINE ARGUMENTS:
C:\Program Files\Unity\Hub\Editor\2020.3.10f1\Editor\Unity.exe
-adb2
-batchMode
-noUpm
-name
AssetImportWorker0
-projectPath
C:/Users/llancaster/Desktop/Unity Games/CoinSmith
-logFile
Logs/AssetImportWorker0.log
-srvPort
63607
Successfully changed project path to: C:/Users/llancaster/Desktop/Unity Games/CoinSmith
C:/Users/llancaster/Desktop/Unity Games/CoinSmith
Using Asset Import Pipeline V2.
Refreshing native plugins compatible for Editor in 58.89 ms, found 2 plugins.
Preloading 0 native plugins for Editor in 0.00 ms.
Initialize engine version: 2020.3.10f1 (297d780c91bc)
[Subsystems] Discovering subsystems at path C:/Program Files/Unity/Hub/Editor/2020.3.10f1/Editor/Data/Resources/UnitySubsystems
[Subsystems] Discovering subsystems at path C:/Users/llancaster/Desktop/Unity Games/CoinSmith/Assets
GfxDevice: creating device client; threaded=0
Direct3D:
    Version:  Direct3D 11.0 [level 11.1]
    Renderer: NVIDIA Quadro RTX 5000 (ID=0x1eb5)
    Vendor:   
    VRAM:     16170 MB
    Driver:   27.21.14.5241
Initialize mono
Mono path[0] = 'C:/Program Files/Unity/Hub/Editor/2020.3.10f1/Editor/Data/Managed'
Mono path[1] = 'C:/Program Files/Unity/Hub/Editor/2020.3.10f1/Editor/Data/MonoBleedingEdge/lib/mono/unityjit'
Mono config path = 'C:/Program Files/Unity/Hub/Editor/2020.3.10f1/Editor/Data/MonoBleedingEdge/etc'
Using monoOptions --debugger-agent=transport=dt_socket,embedding=1,server=y,suspend=n,address=127.0.0.1:56404
Begin MonoManager ReloadAssembly
Registering precompiled unity dll's ...
Register platform support module: C:/Program Files/Unity/Hub/Editor/2020.3.10f1/Editor/Data/PlaybackEngines/WebGLSupport/UnityEditor.WebGL.Extensions.dll
Register platform support module: C:/Program Files/Unity/Hub/Editor/2020.3.10f1/Editor/Data/PlaybackEngines/WindowsStandaloneSupport/UnityEditor.WindowsStandalone.Extensions.dll
Registered in 0.002331 seconds.
Native extension for WindowsStandalone target not found
Native extension for WebGL target not found
Refreshing native plugins compatible for Editor in 49.25 ms, found 2 plugins.
Preloading 0 native plugins for Editor in 0.00 ms.
Mono: successfully reloaded assembly
- Completed reload, in  3.280 seconds
Platform modules already initialized, skipping
Registering precompiled user dll's ...
Registered in 0.192623 seconds.
Begin MonoManager ReloadAssembly
Native extension for WindowsStandalone target not found
Native extension for WebGL target not found
Refreshing native plugins compatible for Editor in 46.01 ms, found 2 plugins.
Preloading 0 native plugins for Editor in 0.00 ms.
Mono: successfully reloaded assembly
- Completed reload, in  1.542 seconds
Platform modules already initialized, skipping
========================================================================
Worker process is ready to serve import requests
Launched and connected shader compiler UnityShaderCompiler.exe after 0.10 seconds
Refreshing native plugins compatible for Editor in 0.46 ms, found 2 plugins.
Preloading 0 native plugins for Editor in 0.00 ms.
Unloading 1846 Unused Serialized files (Serialized files now loaded: 0)
System memory in use before: 94.8 MB.
System memory in use after: 94.8 MB.

Unloading 22 unused Assets to reduce memory usage. Loaded Objects now: 2295.
Total: 3.752100 ms (FindLiveObjects: 0.596000 ms CreateObjectMapping: 0.228700 ms MarkObjects: 2.786100 ms  DeleteObjects: 0.139200 ms)

========================================================================
Received Import Request.
  path: Assets/Animations/Terrific Bigery-Tumelo@Jumping (1).fbx
  artifactKey: Guid(31244e3cc06a45542bb234b68d89d6ef) Importer(815301076,1909f56bfc062723c751e8b465ee728b)
Start importing Assets/Animations/Terrific Bigery-Tumelo@Jumping (1).fbx using Guid(31244e3cc06a45542bb234b68d89d6ef) Importer(815301076,1909f56bfc062723c751e8b465ee728b)  -> (artifact id: 'c11857def9a953d847c20f3437a2ddbb') in 0.245051 seconds
  Import took 0.248033 seconds .

========================================================================
Received Prepare
Registering precompiled user dll's ...
Registered in 0.004234 seconds.
Begin MonoManager ReloadAssembly
Native extension for WindowsStandalone target not found
Native extension for WebGL target not found
Refreshing native plugins compatible for Editor in 0.74 ms, found 2 plugins.
Preloading 0 native plugins for Editor in 0.00 ms.
Mono: successfully reloaded assembly
- Completed reload, in  1.566 seconds
Platform modules already initialized, skipping
Refreshing native plugins compatible for Editor in 0.53 ms, found 2 plugins.
Preloading 0 native plugins for Editor in 0.00 ms.
Unloading 1837 Unused Serialized files (Serialized files now loaded: 0)
System memory in use before: 111.6 MB.
System memory in use after: 111.6 MB.

Unloading 16 unused Assets to reduce memory usage. Loaded Objects now: 2342.
Total: 4.513400 ms (FindLiveObjects: 0.775000 ms CreateObjectMapping: 0.210400 ms MarkObjects: 3.445300 ms  DeleteObjects: 0.079800 ms)

========================================================================
Received Import Request.
  Time since last request: 1335.118455 seconds.
  path: Assets/Animations/Terrific Bigery-Tumelo@Jumping (2).fbx
  artifactKey: Guid(827a535ac6f186a40a2494742665aa3f) Importer(815301076,1909f56bfc062723c751e8b465ee728b)
Start importing Assets/Animations/Terrific Bigery-Tumelo@Jumping (2).fbx using Guid(827a535ac6f186a40a2494742665aa3f) Importer(815301076,1909f56bfc062723c751e8b465ee728b)  -> (artifact id: '48cb838fd107ba1130aceba30bd65d06') in 0.184539 seconds
  Import took 0.191630 seconds .

========================================================================
Received Import Request.
  Time since last request: 0.008792 seconds.
  path: Assets/Animations/Terrific Bigery-Tumelo@Jumping (2).fbx
  artifactKey: Guid(827a535ac6f186a40a2494742665aa3f) Importer(815301076,1909f56bfc062723c751e8b465ee728b)
Start importing Assets/Animations/Terrific Bigery-Tumelo@Jumping (2).fbx using Guid(827a535ac6f186a40a2494742665aa3f) Importer(815301076,1909f56bfc062723c751e8b465ee728b)  -> (artifact id: '48cb838fd107ba1130aceba30bd65d06') in 0.078483 seconds
  Import took 0.086756 seconds .

========================================================================
Received Prepare
Registering precompiled user dll's ...
Registered in 0.004733 seconds.
Begin MonoManager ReloadAssembly
Native extension for WindowsStandalone target not found
Native extension for WebGL target not found
Refreshing native plugins compatible for Editor in 1.89 ms, found 2 plugins.
Preloading 0 native plugins for Editor in 0.00 ms.
Mono: successfully reloaded assembly
- Completed reload, in  1.572 seconds
Platform modules already initialized, skipping
Refreshing native plugins compatible for Editor in 0.71 ms, found 2 plugins.
Preloading 0 native plugins for Editor in 0.00 ms.
Unloading 1837 Unused Serialized files (Serialized files now loaded: 0)
System memory in use before: 111.6 MB.
System memory in use after: 111.7 MB.

Unloading 16 unused Assets to reduce memory usage. Loaded Objects now: 2346.
Total: 5.316200 ms (FindLiveObjects: 0.244200 ms CreateObjectMapping: 0.130100 ms MarkObjects: 4.636500 ms  DeleteObjects: 0.302300 ms)

========================================================================
Received Import Request.
  Time since last request: 128.925882 seconds.
  path: Assets/Animations/Terrific Bigery-Tumelo@Jumping (3).fbx
  artifactKey: Guid(574ae0d1191c479439ba9f749c1a8e54) Importer(815301076,1909f56bfc062723c751e8b465ee728b)
Start importing Assets/Animations/Terrific Bigery-Tumelo@Jumping (3).fbx using Guid(574ae0d1191c479439ba9f749c1a8e54) Importer(815301076,1909f56bfc062723c751e8b465ee728b)  -> (artifact id: 'f4049387dbee3815081bb209a565a6a2') in 0.166502 seconds
  Import took 0.173752 seconds .

========================================================================
Received Prepare
Registering precompiled user dll's ...
Registered in 0.004921 seconds.
Begin MonoManager ReloadAssembly
Native extension for WindowsStandalone target not found
Native extension for WebGL target not found
Refreshing native plugins compatible for Editor in 1.60 ms, found 2 plugins.
Preloading 0 native plugins for Editor in 0.00 ms.
Mono: successfully reloaded assembly
- Completed reload, in  2.095 seconds
Platform modules already initialized, skipping
Refreshing native plugins compatible for Editor in 0.42 ms, found 2 plugins.
Preloading 0 native plugins for Editor in 0.00 ms.
Unloading 1837 Unused Serialized files (Serialized files now loaded: 0)
System memory in use before: 111.6 MB.
System memory in use after: 111.7 MB.

Unloading 16 unused Assets to reduce memory usage. Loaded Objects now: 2350.
Total: 4.912900 ms (FindLiveObjects: 0.243300 ms CreateObjectMapping: 0.080800 ms MarkObjects: 4.278700 ms  DeleteObjects: 0.307500 ms)

========================================================================
Received Import Request.
  Time since last request: 49.617149 seconds.
  path: Assets/Animations/Terrific Bigery-Tumelo@Jumping (4).fbx
  artifactKey: Guid(dce8318b99ab9bf40b32d5e61a8937d2) Importer(815301076,1909f56bfc062723c751e8b465ee728b)
Start importing Assets/Animations/Terrific Bigery-Tumelo@Jumping (4).fbx using Guid(dce8318b99ab9bf40b32d5e61a8937d2) Importer(815301076,1909f56bfc062723c751e8b465ee728b)  -> (artifact id: '01665178124c32e437974f1d3899ea61') in 0.171256 seconds
  Import took 0.178204 seconds .

========================================================================
Received Prepare
Registering precompiled user dll's ...
Registered in 0.004523 seconds.
Begin MonoManager ReloadAssembly
Native extension for WindowsStandalone target not found
Native extension for WebGL target not found
Refreshing native plugins compatible for Editor in 0.89 ms, found 2 plugins.
Preloading 0 native plugins for Editor in 0.00 ms.
Mono: successfully reloaded assembly
- Completed reload, in  1.951 seconds
Platform modules already initialized, skipping
Refreshing native plugins compatible for Editor in 0.59 ms, found 2 plugins.
Preloading 0 native plugins for Editor in 0.00 ms.
Unloading 1837 Unused Serialized files (Serialized files now loaded: 0)
System memory in use before: 111.7 MB.
System memory in use after: 111.8 MB.

Unloading 16 unused Assets to reduce memory usage. Loaded Objects now: 2354.
Total: 6.785100 ms (FindLiveObjects: 0.433700 ms CreateObjectMapping: 0.254300 ms MarkObjects: 5.820200 ms  DeleteObjects: 0.272300 ms)

========================================================================
Received Import Request.
  Time since last request: 59.194041 seconds.
  path: Assets/Animations/Terrific Bigery-Tumelo@Jumping (5).fbx
  artifactKey: Guid(ec706568a76b8404d9aa48b9e8234f6c) Importer(815301076,1909f56bfc062723c751e8b465ee728b)
Start importing Assets/Animations/Terrific Bigery-Tumelo@Jumping (5).fbx using Guid(ec706568a76b8404d9aa48b9e8234f6c) Importer(815301076,1909f56bfc062723c751e8b465ee728b)  -> (artifact id: '1cee3d1c66edd1c522532078143f51de') in 0.197124 seconds
  Import took 0.207509 seconds .

========================================================================
Received Import Request.
  Time since last request: 97.025133 seconds.
  path: Assets/Animations/Terrific Bigery-Tumelo@Jumping (6).fbx
  artifactKey: Guid(6e36cc3b2ec40d8478afd0026948e20a) Importer(815301076,1909f56bfc062723c751e8b465ee728b)
Start importing Assets/Animations/Terrific Bigery-Tumelo@Jumping (6).fbx using Guid(6e36cc3b2ec40d8478afd0026948e20a) Importer(815301076,1909f56bfc062723c751e8b465ee728b)  -> (artifact id: '3b7e8485d6b11e4da9458ceddb5eed72') in 0.077762 seconds
  Import took 0.085096 seconds .

========================================================================
Received Prepare
Registering precompiled user dll's ...
Registered in 0.005802 seconds.
Begin MonoManager ReloadAssembly
Native extension for WindowsStandalone target not found
Native extension for WebGL target not found
Refreshing native plugins compatible for Editor in 1.11 ms, found 2 plugins.
Preloading 0 native plugins for Editor in 0.00 ms.
Mono: successfully reloaded assembly
- Completed reload, in  1.981 seconds
Platform modules already initialized, skipping
Refreshing native plugins compatible for Editor in 0.39 ms, found 2 plugins.
Preloading 0 native plugins for Editor in 0.00 ms.
Unloading 1837 Unused Serialized files (Serialized files now loaded: 0)
System memory in use before: 111.7 MB.
System memory in use after: 111.8 MB.

Unloading 16 unused Assets to reduce memory usage. Loaded Objects now: 2358.
Total: 2.847500 ms (FindLiveObjects: 0.413500 ms CreateObjectMapping: 0.086900 ms MarkObjects: 2.264100 ms  DeleteObjects: 0.080400 ms)

========================================================================
Received Import Request.
  Time since last request: 48.668855 seconds.
  path: Assets/Animations/Terrific Bigery-Tumelo@Jumping (7).fbx
  artifactKey: Guid(a0a7a749071924a498e87e30e9a9d9ea) Importer(815301076,1909f56bfc062723c751e8b465ee728b)
Start importing Assets/Animations/Terrific Bigery-Tumelo@Jumping (7).fbx using Guid(a0a7a749071924a498e87e30e9a9d9ea) Importer(815301076,1909f56bfc062723c751e8b465ee728b)  -> (artifact id: '1ca53a86940830efdd3838dcceb25a51') in 0.179957 seconds
  Import took 0.186558 seconds .

========================================================================
Received Prepare
Registering precompiled user dll's ...
Registered in 0.003618 seconds.
Begin MonoManager ReloadAssembly
Native extension for WindowsStandalone target not found
Native extension for WebGL target not found
Refreshing native plugins compatible for Editor in 0.42 ms, found 2 plugins.
Preloading 0 native plugins for Editor in 0.00 ms.
Mono: successfully reloaded assembly
- Completed reload, in  1.148 seconds
Platform modules already initialized, skipping
Refreshing native plugins compatible for Editor in 0.43 ms, found 2 plugins.
Preloading 0 native plugins for Editor in 0.00 ms.
Unloading 1837 Unused Serialized files (Serialized files now loaded: 0)
System memory in use before: 111.7 MB.
System memory in use after: 111.8 MB.

Unloading 16 unused Assets to reduce memory usage. Loaded Objects now: 2362.
Total: 2.450300 ms (FindLiveObjects: 0.234000 ms CreateObjectMapping: 0.075300 ms MarkObjects: 1.995600 ms  DeleteObjects: 0.142700 ms)

========================================================================
Received Import Request.
  Time since last request: 293.036457 seconds.
  path: Assets/Animations/jumping up.fbx
  artifactKey: Guid(c1eee16d40e7c474a89f96a7087fcd80) Importer(815301076,1909f56bfc062723c751e8b465ee728b)
Start importing Assets/Animations/jumping up.fbx using Guid(c1eee16d40e7c474a89f96a7087fcd80) Importer(815301076,1909f56bfc062723c751e8b465ee728b)  -> (artifact id: 'a481544da9a32d50421bf6eef5982007') in 0.027411 seconds
  Import took 0.030136 seconds .

========================================================================
Received Import Request.
  Time since last request: 34.142145 seconds.
  path: Assets/Animations/hard landing.fbx
  artifactKey: Guid(01a6cb3a0207b234cac0f3b6842b25aa) Importer(815301076,1909f56bfc062723c751e8b465ee728b)
Start importing Assets/Animations/hard landing.fbx using Guid(01a6cb3a0207b234cac0f3b6842b25aa) Importer(815301076,1909f56bfc062723c751e8b465ee728b)  -> (artifact id: '1e8d3685a8ac4547259d3dad0f379c46') in 0.008009 seconds
  Import took 0.010861 seconds .

========================================================================
Received Prepare
Registering precompiled user dll's ...
Registered in 0.002852 seconds.
Begin MonoManager ReloadAssembly
Native extension for WindowsStandalone target not found
Native extension for WebGL target not found
Refreshing native plugins compatible for Editor in 0.31 ms, found 2 plugins.
Preloading 0 native plugins for Editor in 0.00 ms.
Mono: successfully reloaded assembly
- Completed reload, in  0.765 seconds
Platform modules already initialized, skipping
Refreshing native plugins compatible for Editor in 0.33 ms, found 2 plugins.
Preloading 0 native plugins for Editor in 0.00 ms.
Unloading 1837 Unused Serialized files (Serialized files now loaded: 0)
System memory in use before: 111.7 MB.
System memory in use after: 111.8 MB.

Unloading 15 unused Assets to reduce memory usage. Loaded Objects now: 2365.
Total: 1.786100 ms (FindLiveObjects: 0.175400 ms CreateObjectMapping: 0.064700 ms MarkObjects: 1.488300 ms  DeleteObjects: 0.056500 ms)

========================================================================
Received Import Request.
  Time since last request: 33.933510 seconds.
  path: Assets/Animations/falling idle.fbx
  artifactKey: Guid(58086b5a9d143ff48a0c288e8dac532f) Importer(815301076,1909f56bfc062723c751e8b465ee728b)
Start importing Assets/Animations/falling idle.fbx using Guid(58086b5a9d143ff48a0c288e8dac532f) Importer(815301076,1909f56bfc062723c751e8b465ee728b)  -> (artifact id: 'a85976518926a7feaf583019dbe23282') in 0.023358 seconds
  Import took 0.025745 seconds .

========================================================================
Received Prepare
Registering precompiled user dll's ...
Registered in 0.002711 seconds.
Begin MonoManager ReloadAssembly
Native extension for WindowsStandalone target not found
Native extension for WebGL target not found
Refreshing native plugins compatible for Editor in 0.32 ms, found 2 plugins.
Preloading 0 native plugins for Editor in 0.00 ms.
Mono: successfully reloaded assembly
- Completed reload, in  0.755 seconds
Platform modules already initialized, skipping
Refreshing native plugins compatible for Editor in 0.32 ms, found 2 plugins.
Preloading 0 native plugins for Editor in 0.00 ms.
Unloading 1837 Unused Serialized files (Serialized files now loaded: 0)
System memory in use before: 111.8 MB.
System memory in use after: 111.8 MB.

Unloading 15 unused Assets to reduce memory usage. Loaded Objects now: 2368.
Total: 1.730400 ms (FindLiveObjects: 0.155000 ms CreateObjectMapping: 0.056500 ms MarkObjects: 1.456900 ms  DeleteObjects: 0.061300 ms)

========================================================================
Received Import Request.
  Time since last request: 362.413788 seconds.
  path: Assets/Prefabs
  artifactKey: Guid(1e6b2cab6d34d044b8a03c7fc0b9e79d) Importer(815301076,1909f56bfc062723c751e8b465ee728b)
Start importing Assets/Prefabs using Guid(1e6b2cab6d34d044b8a03c7fc0b9e79d) Importer(815301076,1909f56bfc062723c751e8b465ee728b)  -> (artifact id: 'c06555a36172dace7275762a3b216e35') in 0.007065 seconds
  Import took 0.009212 seconds .

========================================================================
Received Import Request.
  Time since last request: 8.475678 seconds.
  path: Assets/Prefabs/Cube.prefab
  artifactKey: Guid(b6610a2761d66bd419bce8b29e58028f) Importer(815301076,1909f56bfc062723c751e8b465ee728b)
Start importing Assets/Prefabs/Cube.prefab using Guid(b6610a2761d66bd419bce8b29e58028f) Importer(815301076,1909f56bfc062723c751e8b465ee728b)  -> (artifact id: '84afe5f5e83cbdc88b94f1be49f4cd48') in 0.047805 seconds
  Import took 0.050493 seconds .

========================================================================
Received Import Request.
  Time since last request: 0.000358 seconds.
  path: Assets/Prefabs/Cube.prefab
  artifactKey: Guid(b6610a2761d66bd419bce8b29e58028f) Importer(815301076,1909f56bfc062723c751e8b465ee728b)
Start importing Assets/Prefabs/Cube.prefab using Guid(b6610a2761d66bd419bce8b29e58028f) Importer(815301076,1909f56bfc062723c751e8b465ee728b)  -> (artifact id: '84afe5f5e83cbdc88b94f1be49f4cd48') in 0.007443 seconds
  Import took 0.010025 seconds .

========================================================================
Received Import Request.
  Time since last request: 294.025853 seconds.
  path: Assets/Prefabs/Destructible Building.prefab
  artifactKey: Guid(3b2d269ba2775fe4cba5b7a4188629b4) Importer(815301076,1909f56bfc062723c751e8b465ee728b)
Start importing Assets/Prefabs/Destructible Building.prefab using Guid(3b2d269ba2775fe4cba5b7a4188629b4) Importer(815301076,1909f56bfc062723c751e8b465ee728b)  -> (artifact id: '6625aca7426d58478f03984ce3b97358') in 0.023757 seconds
  Import took 0.028143 seconds .

========================================================================
Received Prepare
Registering precompiled user dll's ...
Registered in 0.003037 seconds.
Begin MonoManager ReloadAssembly
Native extension for WindowsStandalone target not found
Native extension for WebGL target not found
Refreshing native plugins compatible for Editor in 0.31 ms, found 2 plugins.
Preloading 0 native plugins for Editor in 0.00 ms.
Mono: successfully reloaded assembly
- Completed reload, in  0.800 seconds
Platform modules already initialized, skipping
Refreshing native plugins compatible for Editor in 0.42 ms, found 2 plugins.
Preloading 0 native plugins for Editor in 0.00 ms.
Unloading 1837 Unused Serialized files (Serialized files now loaded: 0)
System memory in use before: 112.0 MB.
System memory in use after: 112.1 MB.

Unloading 16 unused Assets to reduce memory usage. Loaded Objects now: 2373.
Total: 1.950100 ms (FindLiveObjects: 0.193100 ms CreateObjectMapping: 0.067600 ms MarkObjects: 1.616800 ms  DeleteObjects: 0.071700 ms)

========================================================================
Received Import Request.
  Time since last request: 116.571356 seconds.
  path: Assets/Scripts
  artifactKey: Guid(1d783691e1d11784bbbba43fc071a223) Importer(815301076,1909f56bfc062723c751e8b465ee728b)
Start importing Assets/Scripts using Guid(1d783691e1d11784bbbba43fc071a223) Importer(815301076,1909f56bfc062723c751e8b465ee728b)  -> (artifact id: 'c63953aeab57b41063dd280f3a3c28b6') in 0.008784 seconds
  Import took 0.011308 seconds .

========================================================================
Received Import Request.
  Time since last request: 14.246251 seconds.
  path: Assets/Scripts/LaunchProjectile.cs
  artifactKey: Guid(4358bc457170a8d488a0bc48e2c06409) Importer(815301076,1909f56bfc062723c751e8b465ee728b)
Start importing Assets/Scripts/LaunchProjectile.cs using Guid(4358bc457170a8d488a0bc48e2c06409) Importer(815301076,1909f56bfc062723c751e8b465ee728b)  -> (artifact id: 'aaae796f999915ed25d3e4cef8da60d6') in 0.010601 seconds
  Import took 0.014003 seconds .

========================================================================
Received Prepare
Registering precompiled user dll's ...
Registered in 0.002341 seconds.
Begin MonoManager ReloadAssembly
Native extension for WindowsStandalone target not found
Native extension for WebGL target not found
Refreshing native plugins compatible for Editor in 0.47 ms, found 2 plugins.
Preloading 0 native plugins for Editor in 0.00 ms.
Mono: successfully reloaded assembly
- Completed reload, in  0.852 seconds
Platform modules already initialized, skipping
Refreshing native plugins compatible for Editor in 0.34 ms, found 2 plugins.
Preloading 0 native plugins for Editor in 0.00 ms.
Unloading 1838 Unused Serialized files (Serialized files now loaded: 0)
System memory in use before: 112.0 MB.
System memory in use after: 112.1 MB.

Unloading 15 unused Assets to reduce memory usage. Loaded Objects now: 2377.
Total: 2.143900 ms (FindLiveObjects: 0.185700 ms CreateObjectMapping: 0.059600 ms MarkObjects: 1.796900 ms  DeleteObjects: 0.100700 ms)

========================================================================
Received Prepare
Registering precompiled user dll's ...
Registered in 0.002919 seconds.
Begin MonoManager ReloadAssembly
Native extension for WindowsStandalone target not found
Native extension for WebGL target not found
Refreshing native plugins compatible for Editor in 0.31 ms, found 2 plugins.
Preloading 0 native plugins for Editor in 0.00 ms.
Mono: successfully reloaded assembly
- Completed reload, in  0.828 seconds
Platform modules already initialized, skipping
Refreshing native plugins compatible for Editor in 0.33 ms, found 2 plugins.
Preloading 0 native plugins for Editor in 0.00 ms.
Unloading 1838 Unused Serialized files (Serialized files now loaded: 0)
System memory in use before: 112.1 MB.
System memory in use after: 112.1 MB.

Unloading 15 unused Assets to reduce memory usage. Loaded Objects now: 2380.
Total: 1.896800 ms (FindLiveObjects: 0.180800 ms CreateObjectMapping: 0.055300 ms MarkObjects: 1.578600 ms  DeleteObjects: 0.081500 ms)

========================================================================
Received Prepare
Registering precompiled user dll's ...
Registered in 0.004886 seconds.
Begin MonoManager ReloadAssembly
Native extension for WindowsStandalone target not found
Native extension for WebGL target not found
Refreshing native plugins compatible for Editor in 0.36 ms, found 2 plugins.
Preloading 0 native plugins for Editor in 0.00 ms.
Mono: successfully reloaded assembly
- Completed reload, in  1.636 seconds
Platform modules already initialized, skipping
Refreshing native plugins compatible for Editor in 0.60 ms, found 2 plugins.
Preloading 0 native plugins for Editor in 0.00 ms.
Unloading 1838 Unused Serialized files (Serialized files now loaded: 0)
System memory in use before: 112.1 MB.
System memory in use after: 112.2 MB.

Unloading 15 unused Assets to reduce memory usage. Loaded Objects now: 2383.
Total: 3.751700 ms (FindLiveObjects: 0.271400 ms CreateObjectMapping: 0.087600 ms MarkObjects: 3.299400 ms  DeleteObjects: 0.091300 ms)

========================================================================
Received Import Request.
  Time since last request: 866.194587 seconds.
  path: Assets/Prefabs/Hammer
  artifactKey: Guid(d5ab25d6f79c05c47aa40168a3d95d60) Importer(815301076,1909f56bfc062723c751e8b465ee728b)
Start importing Assets/Prefabs/Hammer using Guid(d5ab25d6f79c05c47aa40168a3d95d60) Importer(815301076,1909f56bfc062723c751e8b465ee728b)  -> (artifact id: '7ba0bf7987ade754d20d0ad98edd4aea') in 0.010673 seconds
  Import took 0.013718 seconds .

========================================================================
Received Import Request.
  Time since last request: 31.784072 seconds.
  path: Assets/Prefabs/Hammer/tinker.obj
  artifactKey: Guid(5255b3a0bd3f59d4e91c04d06a9c8237) Importer(815301076,1909f56bfc062723c751e8b465ee728b)
Start importing Assets/Prefabs/Hammer/tinker.obj using Guid(5255b3a0bd3f59d4e91c04d06a9c8237) Importer(815301076,1909f56bfc062723c751e8b465ee728b)  -> (artifact id: '7624ccc14137cdfaae2eb116b6a9e940') in 0.094439 seconds
  Import took 0.097035 seconds .

========================================================================
Received Import Request.
  Time since last request: 0.000148 seconds.
  path: Assets/Prefabs/Hammer/obj.mtl
  artifactKey: Guid(b3d40852e54920e4d89fbcaca158cf14) Importer(815301076,1909f56bfc062723c751e8b465ee728b)
Start importing Assets/Prefabs/Hammer/obj.mtl using Guid(b3d40852e54920e4d89fbcaca158cf14) Importer(815301076,1909f56bfc062723c751e8b465ee728b)  -> (artifact id: '820c0f36e769a001b3651d42844440bb') in 0.006560 seconds
  Import took 0.009443 seconds .

========================================================================
Received Prepare
Registering precompiled user dll's ...
Registered in 0.003269 seconds.
Begin MonoManager ReloadAssembly
Native extension for WindowsStandalone target not found
Native extension for WebGL target not found
Refreshing native plugins compatible for Editor in 0.32 ms, found 2 plugins.
Preloading 0 native plugins for Editor in 0.00 ms.
Mono: successfully reloaded assembly
- Completed reload, in  0.765 seconds
Platform modules already initialized, skipping
Refreshing native plugins compatible for Editor in 0.34 ms, found 2 plugins.
Preloading 0 native plugins for Editor in 0.00 ms.
Unloading 1838 Unused Serialized files (Serialized files now loaded: 0)
System memory in use before: 112.1 MB.
System memory in use after: 112.2 MB.

Unloading 15 unused Assets to reduce memory usage. Loaded Objects now: 2387.
Total: 1.815100 ms (FindLiveObjects: 0.162900 ms CreateObjectMapping: 0.058900 ms MarkObjects: 1.527700 ms  DeleteObjects: 0.064900 ms)

========================================================================
Received Import Request.
  Time since last request: 922.104202 seconds.
  path: Assets/StarterAssets/ThirdPersonController/Character/Animations/StarterAssetsThirdPerson.controller
  artifactKey: Guid(40db3173a05ae3242b1c182a09b0a183) Importer(815301076,1909f56bfc062723c751e8b465ee728b)
Start importing Assets/StarterAssets/ThirdPersonController/Character/Animations/StarterAssetsThirdPerson.controller using Guid(40db3173a05ae3242b1c182a09b0a183) Importer(815301076,1909f56bfc062723c751e8b465ee728b)  -> (artifact id: 'bd7e2cd9eaa7dd441f14b0a8087656ed') in 0.022470 seconds
  Import took 0.026071 seconds .

========================================================================
Received Import Request.
  Time since last request: 96.274624 seconds.
  path: Assets/Scripts/ActionManager.cs
  artifactKey: Guid(c2d5aae9670e89e499b45fdab5981026) Importer(815301076,1909f56bfc062723c751e8b465ee728b)
Start importing Assets/Scripts/ActionManager.cs using Guid(c2d5aae9670e89e499b45fdab5981026) Importer(815301076,1909f56bfc062723c751e8b465ee728b)  -> (artifact id: 'cfd0bb28bbc1f12e515f08e07379e934') in 0.005897 seconds
  Import took 0.008702 seconds .

========================================================================
Received Prepare
Registering precompiled user dll's ...
Registered in 0.002856 seconds.
Begin MonoManager ReloadAssembly
Native extension for WindowsStandalone target not found
Native extension for WebGL target not found
Refreshing native plugins compatible for Editor in 0.31 ms, found 2 plugins.
Preloading 0 native plugins for Editor in 0.00 ms.
Mono: successfully reloaded assembly
- Completed reload, in  0.782 seconds
Platform modules already initialized, skipping
Refreshing native plugins compatible for Editor in 0.35 ms, found 2 plugins.
Preloading 0 native plugins for Editor in 0.00 ms.
Unloading 1839 Unused Serialized files (Serialized files now loaded: 0)
System memory in use before: 112.1 MB.
System memory in use after: 112.2 MB.

Unloading 15 unused Assets to reduce memory usage. Loaded Objects now: 2391.
Total: 1.941100 ms (FindLiveObjects: 0.157200 ms CreateObjectMapping: 0.054800 ms MarkObjects: 1.652400 ms  DeleteObjects: 0.075800 ms)

========================================================================
Received Prepare
Registering precompiled user dll's ...
Registered in 0.002788 seconds.
Begin MonoManager ReloadAssembly
Native extension for WindowsStandalone target not found
Native extension for WebGL target not found
Refreshing native plugins compatible for Editor in 0.32 ms, found 2 plugins.
Preloading 0 native plugins for Editor in 0.00 ms.
Mono: successfully reloaded assembly
- Completed reload, in  0.798 seconds
Platform modules already initialized, skipping
Refreshing native plugins compatible for Editor in 0.33 ms, found 2 plugins.
Preloading 0 native plugins for Editor in 0.00 ms.
Unloading 1839 Unused Serialized files (Serialized files now loaded: 0)
System memory in use before: 112.1 MB.
System memory in use after: 112.2 MB.

Unloading 15 unused Assets to reduce memory usage. Loaded Objects now: 2394.
Total: 1.835500 ms (FindLiveObjects: 0.187300 ms CreateObjectMapping: 0.073700 ms MarkObjects: 1.510100 ms  DeleteObjects: 0.063400 ms)

========================================================================
Received Prepare
Registering precompiled user dll's ...
Registered in 0.002607 seconds.
Begin MonoManager ReloadAssembly
Native extension for WindowsStandalone target not found
Native extension for WebGL target not found
Refreshing native plugins compatible for Editor in 0.32 ms, found 2 plugins.
Preloading 0 native plugins for Editor in 0.00 ms.
Mono: successfully reloaded assembly
- Completed reload, in  0.771 seconds
Platform modules already initialized, skipping
Refreshing native plugins compatible for Editor in 0.33 ms, found 2 plugins.
Preloading 0 native plugins for Editor in 0.00 ms.
Unloading 1839 Unused Serialized files (Serialized files now loaded: 0)
System memory in use before: 112.2 MB.
System memory in use after: 112.2 MB.

Unloading 15 unused Assets to reduce memory usage. Loaded Objects now: 2397.
Total: 1.773500 ms (FindLiveObjects: 0.236000 ms CreateObjectMapping: 0.067400 ms MarkObjects: 1.408400 ms  DeleteObjects: 0.060900 ms)

========================================================================
Received Import Request.
  Time since last request: 383.470641 seconds.
  path: Assets/StarterAssets/InputSystem/StarterAssets.inputactions
  artifactKey: Guid(4419d82f33d36e848b3ed5af4c8da37e) Importer(815301076,1909f56bfc062723c751e8b465ee728b)
Start importing Assets/StarterAssets/InputSystem/StarterAssets.inputactions using Guid(4419d82f33d36e848b3ed5af4c8da37e) Importer(815301076,1909f56bfc062723c751e8b465ee728b)  -> (artifact id: 'fcf50760c0894261e822727794e8f487') in 0.023031 seconds
  Import took 0.026046 seconds .

========================================================================
Received Import Request.
  Time since last request: 0.020965 seconds.
  path: Assets/StarterAssets/InputSystem/StarterAssets.inputactions
  artifactKey: Guid(4419d82f33d36e848b3ed5af4c8da37e) Importer(815301076,1909f56bfc062723c751e8b465ee728b)
Start importing Assets/StarterAssets/InputSystem/StarterAssets.inputactions using Guid(4419d82f33d36e848b3ed5af4c8da37e) Importer(815301076,1909f56bfc062723c751e8b465ee728b)  -> (artifact id: 'fcf50760c0894261e822727794e8f487') in 0.004063 seconds
  Import took 0.006603 seconds .

========================================================================
Received Import Request.
  Time since last request: 177.003723 seconds.
  path: ProjectSettings/TagManager.asset
  artifactKey: Guid(00000000000000003000000000000000) Importer(815301076,1909f56bfc062723c751e8b465ee728b)
Start importing ProjectSettings/TagManager.asset using Guid(00000000000000003000000000000000) Importer(815301076,1909f56bfc062723c751e8b465ee728b)  -> (artifact id: 'ce6a35c3cddc746e7501c0bd0ed6d4ce') in 0.007989 seconds
  Import took 0.012205 seconds .

========================================================================
Received Prepare
Registering precompiled user dll's ...
Registered in 0.002841 seconds.
Begin MonoManager ReloadAssembly
Native extension for WindowsStandalone target not found
Native extension for WebGL target not found
Refreshing native plugins compatible for Editor in 0.34 ms, found 2 plugins.
Preloading 0 native plugins for Editor in 0.00 ms.
Mono: successfully reloaded assembly
- Completed reload, in  0.808 seconds
Platform modules already initialized, skipping
Refreshing native plugins compatible for Editor in 0.34 ms, found 2 plugins.
Preloading 0 native plugins for Editor in 0.00 ms.
Unloading 1839 Unused Serialized files (Serialized files now loaded: 0)
System memory in use before: 112.2 MB.
System memory in use after: 112.3 MB.

Unloading 16 unused Assets to reduce memory usage. Loaded Objects now: 2400.
Total: 2.068700 ms (FindLiveObjects: 0.228300 ms CreateObjectMapping: 0.080100 ms MarkObjects: 1.687900 ms  DeleteObjects: 0.071600 ms)

========================================================================
Received Prepare
Registering precompiled user dll's ...
Registered in 0.002484 seconds.
Begin MonoManager ReloadAssembly
Native extension for WindowsStandalone target not found
Native extension for WebGL target not found
Refreshing native plugins compatible for Editor in 0.33 ms, found 2 plugins.
Preloading 0 native plugins for Editor in 0.00 ms.
Mono: successfully reloaded assembly
- Completed reload, in  0.777 seconds
Platform modules already initialized, skipping
Refreshing native plugins compatible for Editor in 0.33 ms, found 2 plugins.
Preloading 0 native plugins for Editor in 0.00 ms.
Unloading 1839 Unused Serialized files (Serialized files now loaded: 0)
System memory in use before: 112.2 MB.
System memory in use after: 112.3 MB.

Unloading 15 unused Assets to reduce memory usage. Loaded Objects now: 2403.
Total: 2.028100 ms (FindLiveObjects: 0.166600 ms CreateObjectMapping: 0.085300 ms MarkObjects: 1.660600 ms  DeleteObjects: 0.114800 ms)

========================================================================
Received Prepare
Registering precompiled user dll's ...
Registered in 0.002481 seconds.
Begin MonoManager ReloadAssembly
Native extension for WindowsStandalone target not found
Native extension for WebGL target not found
Refreshing native plugins compatible for Editor in 0.33 ms, found 2 plugins.
Preloading 0 native plugins for Editor in 0.00 ms.
Mono: successfully reloaded assembly
- Completed reload, in  0.816 seconds
Platform modules already initialized, skipping
Refreshing native plugins compatible for Editor in 0.33 ms, found 2 plugins.
Preloading 0 native plugins for Editor in 0.00 ms.
Unloading 1839 Unused Serialized files (Serialized files now loaded: 0)
System memory in use before: 112.2 MB.
System memory in use after: 112.3 MB.

Unloading 15 unused Assets to reduce memory usage. Loaded Objects now: 2406.
Total: 1.752200 ms (FindLiveObjects: 0.154900 ms CreateObjectMapping: 0.058900 ms MarkObjects: 1.479500 ms  DeleteObjects: 0.058300 ms)

========================================================================
Received Prepare
Registering precompiled user dll's ...
Registered in 0.002696 seconds.
Begin MonoManager ReloadAssembly
Native extension for WindowsStandalone target not found
Native extension for WebGL target not found
Refreshing native plugins compatible for Editor in 0.31 ms, found 2 plugins.
Preloading 0 native plugins for Editor in 0.00 ms.
Mono: successfully reloaded assembly
- Completed reload, in  0.777 seconds
Platform modules already initialized, skipping
Refreshing native plugins compatible for Editor in 0.33 ms, found 2 plugins.
Preloading 0 native plugins for Editor in 0.00 ms.
Unloading 1839 Unused Serialized files (Serialized files now loaded: 0)
System memory in use before: 112.2 MB.
System memory in use after: 112.3 MB.

Unloading 15 unused Assets to reduce memory usage. Loaded Objects now: 2409.
Total: 1.738800 ms (FindLiveObjects: 0.159300 ms CreateObjectMapping: 0.061500 ms MarkObjects: 1.460000 ms  DeleteObjects: 0.057200 ms)

========================================================================
Received Prepare
Registering precompiled user dll's ...
Registered in 0.002552 seconds.
Begin MonoManager ReloadAssembly
Native extension for WindowsStandalone target not found
Native extension for WebGL target not found
Refreshing native plugins compatible for Editor in 0.31 ms, found 2 plugins.
Preloading 0 native plugins for Editor in 0.00 ms.
Mono: successfully reloaded assembly
- Completed reload, in  0.761 seconds
Platform modules already initialized, skipping
Refreshing native plugins compatible for Editor in 0.33 ms, found 2 plugins.
Preloading 0 native plugins for Editor in 0.00 ms.
Unloading 1839 Unused Serialized files (Serialized files now loaded: 0)
System memory in use before: 112.2 MB.
System memory in use after: 112.3 MB.

Unloading 15 unused Assets to reduce memory usage. Loaded Objects now: 2412.
Total: 1.692400 ms (FindLiveObjects: 0.159800 ms CreateObjectMapping: 0.054300 ms MarkObjects: 1.418600 ms  DeleteObjects: 0.059000 ms)

========================================================================
Received Prepare
Registering precompiled user dll's ...
Registered in 0.002900 seconds.
Begin MonoManager ReloadAssembly
Native extension for WindowsStandalone target not found
Native extension for WebGL target not found
Refreshing native plugins compatible for Editor in 0.31 ms, found 2 plugins.
Preloading 0 native plugins for Editor in 0.00 ms.
Mono: successfully reloaded assembly
- Completed reload, in  0.753 seconds
Platform modules already initialized, skipping
Refreshing native plugins compatible for Editor in 0.34 ms, found 2 plugins.
Preloading 0 native plugins for Editor in 0.00 ms.
Unloading 1839 Unused Serialized files (Serialized files now loaded: 0)
System memory in use before: 112.2 MB.
System memory in use after: 112.3 MB.

Unloading 15 unused Assets to reduce memory usage. Loaded Objects now: 2415.
Total: 1.790200 ms (FindLiveObjects: 0.170300 ms CreateObjectMapping: 0.061200 ms MarkObjects: 1.492700 ms  DeleteObjects: 0.065600 ms)

========================================================================
Received Prepare
Registering precompiled user dll's ...
Registered in 0.003837 seconds.
Begin MonoManager ReloadAssembly
Native extension for WindowsStandalone target not found
Native extension for WebGL target not found
Refreshing native plugins compatible for Editor in 0.32 ms, found 2 plugins.
Preloading 0 native plugins for Editor in 0.00 ms.
Mono: successfully reloaded assembly
- Completed reload, in  0.782 seconds
Platform modules already initialized, skipping
Refreshing native plugins compatible for Editor in 0.33 ms, found 2 plugins.
Preloading 0 native plugins for Editor in 0.00 ms.
Unloading 1839 Unused Serialized files (Serialized files now loaded: 0)
System memory in use before: 112.2 MB.
System memory in use after: 112.3 MB.

Unloading 15 unused Assets to reduce memory usage. Loaded Objects now: 2418.
Total: 1.751300 ms (FindLiveObjects: 0.159400 ms CreateObjectMapping: 0.061100 ms MarkObjects: 1.472000 ms  DeleteObjects: 0.057700 ms)

========================================================================
Received Prepare
Registering precompiled user dll's ...
Registered in 0.002644 seconds.
Begin MonoManager ReloadAssembly
Native extension for WindowsStandalone target not found
Native extension for WebGL target not found
Refreshing native plugins compatible for Editor in 0.31 ms, found 2 plugins.
Preloading 0 native plugins for Editor in 0.00 ms.
Mono: successfully reloaded assembly
- Completed reload, in  0.755 seconds
Platform modules already initialized, skipping
Refreshing native plugins compatible for Editor in 0.33 ms, found 2 plugins.
Preloading 0 native plugins for Editor in 0.00 ms.
Unloading 1839 Unused Serialized files (Serialized files now loaded: 0)
System memory in use before: 112.2 MB.
System memory in use after: 112.3 MB.

Unloading 15 unused Assets to reduce memory usage. Loaded Objects now: 2421.
Total: 1.754000 ms (FindLiveObjects: 0.165600 ms CreateObjectMapping: 0.065100 ms MarkObjects: 1.464600 ms  DeleteObjects: 0.057900 ms)

========================================================================
Received Prepare
Registering precompiled user dll's ...
Registered in 0.003273 seconds.
Begin MonoManager ReloadAssembly
Native extension for WindowsStandalone target not found
Native extension for WebGL target not found
Refreshing native plugins compatible for Editor in 0.39 ms, found 2 plugins.
Preloading 0 native plugins for Editor in 0.00 ms.
Mono: successfully reloaded assembly
- Completed reload, in  0.791 seconds
Platform modules already initialized, skipping
Refreshing native plugins compatible for Editor in 0.34 ms, found 2 plugins.
Preloading 0 native plugins for Editor in 0.00 ms.
Unloading 1839 Unused Serialized files (Serialized files now loaded: 0)
System memory in use before: 112.2 MB.
System memory in use after: 112.3 MB.

Unloading 15 unused Assets to reduce memory usage. Loaded Objects now: 2424.
Total: 1.984500 ms (FindLiveObjects: 0.168700 ms CreateObjectMapping: 0.060000 ms MarkObjects: 1.677900 ms  DeleteObjects: 0.077400 ms)

========================================================================
Received Prepare
Registering precompiled user dll's ...
Registered in 0.002533 seconds.
Begin MonoManager ReloadAssembly
Native extension for WindowsStandalone target not found
Native extension for WebGL target not found
Refreshing native plugins compatible for Editor in 0.31 ms, found 2 plugins.
Preloading 0 native plugins for Editor in 0.00 ms.
Mono: successfully reloaded assembly
- Completed reload, in  0.765 seconds
Platform modules already initialized, skipping
Refreshing native plugins compatible for Editor in 0.34 ms, found 2 plugins.
Preloading 0 native plugins for Editor in 0.00 ms.
Unloading 1839 Unused Serialized files (Serialized files now loaded: 0)
System memory in use before: 112.2 MB.
System memory in use after: 112.3 MB.

Unloading 15 unused Assets to reduce memory usage. Loaded Objects now: 2427.
Total: 1.932400 ms (FindLiveObjects: 0.167100 ms CreateObjectMapping: 0.062500 ms MarkObjects: 1.633600 ms  DeleteObjects: 0.068100 ms)

========================================================================
Received Prepare
Registering precompiled user dll's ...
Registered in 0.003295 seconds.
Begin MonoManager ReloadAssembly
Native extension for WindowsStandalone target not found
Native extension for WebGL target not found
Refreshing native plugins compatible for Editor in 0.31 ms, found 2 plugins.
Preloading 0 native plugins for Editor in 0.00 ms.
Mono: successfully reloaded assembly
- Completed reload, in  0.776 seconds
Platform modules already initialized, skipping
Refreshing native plugins compatible for Editor in 0.33 ms, found 2 plugins.
Preloading 0 native plugins for Editor in 0.00 ms.
Unloading 1839 Unused Serialized files (Serialized files now loaded: 0)
System memory in use before: 112.3 MB.
System memory in use after: 112.3 MB.

Unloading 15 unused Assets to reduce memory usage. Loaded Objects now: 2430.
Total: 1.787400 ms (FindLiveObjects: 0.156900 ms CreateObjectMapping: 0.062100 ms MarkObjects: 1.507400 ms  DeleteObjects: 0.060200 ms)

========================================================================
Received Prepare
Registering precompiled user dll's ...
Registered in 0.002405 seconds.
Begin MonoManager ReloadAssembly
Native extension for WindowsStandalone target not found
Native extension for WebGL target not found
Refreshing native plugins compatible for Editor in 0.32 ms, found 2 plugins.
Preloading 0 native plugins for Editor in 0.00 ms.
Mono: successfully reloaded assembly
- Completed reload, in  0.750 seconds
Platform modules already initialized, skipping
Refreshing native plugins compatible for Editor in 0.33 ms, found 2 plugins.
Preloading 0 native plugins for Editor in 0.00 ms.
Unloading 1839 Unused Serialized files (Serialized files now loaded: 0)
System memory in use before: 112.3 MB.
System memory in use after: 112.3 MB.

Unloading 15 unused Assets to reduce memory usage. Loaded Objects now: 2433.
Total: 1.891500 ms (FindLiveObjects: 0.183000 ms CreateObjectMapping: 0.059300 ms MarkObjects: 1.587100 ms  DeleteObjects: 0.061400 ms)

========================================================================
Received Prepare
Registering precompiled user dll's ...
Registered in 0.002521 seconds.
Begin MonoManager ReloadAssembly
Native extension for WindowsStandalone target not found
Native extension for WebGL target not found
Refreshing native plugins compatible for Editor in 0.32 ms, found 2 plugins.
Preloading 0 native plugins for Editor in 0.00 ms.
Mono: successfully reloaded assembly
- Completed reload, in  0.771 seconds
Platform modules already initialized, skipping
Refreshing native plugins compatible for Editor in 0.33 ms, found 2 plugins.
Preloading 0 native plugins for Editor in 0.00 ms.
Unloading 1839 Unused Serialized files (Serialized files now loaded: 0)
System memory in use before: 112.3 MB.
System memory in use after: 112.4 MB.

Unloading 15 unused Assets to reduce memory usage. Loaded Objects now: 2436.
Total: 1.890500 ms (FindLiveObjects: 0.169400 ms CreateObjectMapping: 0.066500 ms MarkObjects: 1.590400 ms  DeleteObjects: 0.063000 ms)

========================================================================
Received Prepare
Registering precompiled user dll's ...
Registered in 0.002401 seconds.
Begin MonoManager ReloadAssembly
Native extension for WindowsStandalone target not found
Native extension for WebGL target not found
Refreshing native plugins compatible for Editor in 0.32 ms, found 2 plugins.
Preloading 0 native plugins for Editor in 0.00 ms.
Mono: successfully reloaded assembly
- Completed reload, in  0.779 seconds
Platform modules already initialized, skipping
Refreshing native plugins compatible for Editor in 0.32 ms, found 2 plugins.
Preloading 0 native plugins for Editor in 0.00 ms.
Unloading 1839 Unused Serialized files (Serialized files now loaded: 0)
System memory in use before: 112.3 MB.
System memory in use after: 112.4 MB.

Unloading 15 unused Assets to reduce memory usage. Loaded Objects now: 2439.
Total: 1.757600 ms (FindLiveObjects: 0.158700 ms CreateObjectMapping: 0.060700 ms MarkObjects: 1.478200 ms  DeleteObjects: 0.059400 ms)

========================================================================
Received Import Request.
  Time since last request: 2746.082040 seconds.
  path: Assets/StarterAssets/ThirdPersonController/Character/Animations/StarterAssetsThirdPerson.controller
  artifactKey: Guid(40db3173a05ae3242b1c182a09b0a183) Importer(815301076,1909f56bfc062723c751e8b465ee728b)
Start importing Assets/StarterAssets/ThirdPersonController/Character/Animations/StarterAssetsThirdPerson.controller using Guid(40db3173a05ae3242b1c182a09b0a183) Importer(815301076,1909f56bfc062723c751e8b465ee728b)  -> (artifact id: '1040257e4bc8d003ca00162eaf7cb125') in 0.031658 seconds
  Import took 0.034877 seconds .

========================================================================
Received Prepare
Registering precompiled user dll's ...
Registered in 0.003613 seconds.
Begin MonoManager ReloadAssembly
Native extension for WindowsStandalone target not found
Native extension for WebGL target not found
Refreshing native plugins compatible for Editor in 0.33 ms, found 2 plugins.
Preloading 0 native plugins for Editor in 0.00 ms.
Mono: successfully reloaded assembly
- Completed reload, in  0.764 seconds
Platform modules already initialized, skipping
Refreshing native plugins compatible for Editor in 0.32 ms, found 2 plugins.
Preloading 0 native plugins for Editor in 0.00 ms.
Unloading 1839 Unused Serialized files (Serialized files now loaded: 0)
System memory in use before: 112.3 MB.
System memory in use after: 112.4 MB.

Unloading 15 unused Assets to reduce memory usage. Loaded Objects now: 2442.
Total: 1.819900 ms (FindLiveObjects: 0.167000 ms CreateObjectMapping: 0.060900 ms MarkObjects: 1.530300 ms  DeleteObjects: 0.060900 ms)

========================================================================
Received Prepare
Registering precompiled user dll's ...
Registered in 0.002609 seconds.
Begin MonoManager ReloadAssembly
Native extension for WindowsStandalone target not found
Native extension for WebGL target not found
Refreshing native plugins compatible for Editor in 0.32 ms, found 2 plugins.
Preloading 0 native plugins for Editor in 0.00 ms.
Mono: successfully reloaded assembly
- Completed reload, in  0.817 seconds
Platform modules already initialized, skipping
Refreshing native plugins compatible for Editor in 0.33 ms, found 2 plugins.
Preloading 0 native plugins for Editor in 0.00 ms.
Unloading 1839 Unused Serialized files (Serialized files now loaded: 0)
System memory in use before: 112.3 MB.
System memory in use after: 112.4 MB.

Unloading 15 unused Assets to reduce memory usage. Loaded Objects now: 2445.
Total: 1.735600 ms (FindLiveObjects: 0.163800 ms CreateObjectMapping: 0.057800 ms MarkObjects: 1.455000 ms  DeleteObjects: 0.058300 ms)

========================================================================
Received Import Request.
  Time since last request: 279.464194 seconds.
  path: Assets/Animations/Hit.anim
  artifactKey: Guid(f3f5947584b52d74a96182556f55f86b) Importer(815301076,1909f56bfc062723c751e8b465ee728b)
Start importing Assets/Animations/Hit.anim using Guid(f3f5947584b52d74a96182556f55f86b) Importer(815301076,1909f56bfc062723c751e8b465ee728b)  -> (artifact id: '8c3765333769f0d8979ac50c6fd82ca4') in 0.020959 seconds
  Import took 0.024969 seconds .

========================================================================
Received Import Request.
  Time since last request: 0.001110 seconds.
  path: Assets/Animations/Hit.anim
  artifactKey: Guid(f3f5947584b52d74a96182556f55f86b) Importer(815301076,1909f56bfc062723c751e8b465ee728b)
Start importing Assets/Animations/Hit.anim using Guid(f3f5947584b52d74a96182556f55f86b) Importer(815301076,1909f56bfc062723c751e8b465ee728b)  -> (artifact id: '8c3765333769f0d8979ac50c6fd82ca4') in 0.003938 seconds
  Import took 0.006639 seconds .

========================================================================
Received Prepare
Registering precompiled user dll's ...
Registered in 0.002574 seconds.
Begin MonoManager ReloadAssembly
Native extension for WindowsStandalone target not found
Native extension for WebGL target not found
Refreshing native plugins compatible for Editor in 0.31 ms, found 2 plugins.
Preloading 0 native plugins for Editor in 0.00 ms.
Mono: successfully reloaded assembly
- Completed reload, in  0.746 seconds
Platform modules already initialized, skipping
Refreshing native plugins compatible for Editor in 0.33 ms, found 2 plugins.
Preloading 0 native plugins for Editor in 0.00 ms.
Unloading 1839 Unused Serialized files (Serialized files now loaded: 0)
System memory in use before: 112.3 MB.
System memory in use after: 112.4 MB.

Unloading 15 unused Assets to reduce memory usage. Loaded Objects now: 2448.
Total: 1.871800 ms (FindLiveObjects: 0.197200 ms CreateObjectMapping: 0.058500 ms MarkObjects: 1.542600 ms  DeleteObjects: 0.072900 ms)

========================================================================
Received Import Request.
  Time since last request: 8.821742 seconds.
  path: Assets/Animations/Hit.anim
  artifactKey: Guid(f3f5947584b52d74a96182556f55f86b) Importer(815301076,1909f56bfc062723c751e8b465ee728b)
Start importing Assets/Animations/Hit.anim using Guid(f3f5947584b52d74a96182556f55f86b) Importer(815301076,1909f56bfc062723c751e8b465ee728b)  -> (artifact id: '2d4e3ba500b840af909e4578f06e9bc3') in 0.011180 seconds
  Import took 0.013569 seconds .

========================================================================
Received Import Request.
  Time since last request: 83.493269 seconds.
  path: Assets/StarterAssets/ThirdPersonController/Character/Animations/StarterAssetsThirdPerson.controller
  artifactKey: Guid(40db3173a05ae3242b1c182a09b0a183) Importer(815301076,1909f56bfc062723c751e8b465ee728b)
Start importing Assets/StarterAssets/ThirdPersonController/Character/Animations/StarterAssetsThirdPerson.controller using Guid(40db3173a05ae3242b1c182a09b0a183) Importer(815301076,1909f56bfc062723c751e8b465ee728b)  -> (artifact id: 'ade36ef830fb61dcb4f7f7d6ec1586d1') in 0.009125 seconds
  Import took 0.012822 seconds .

========================================================================
Received Import Request.
  Time since last request: 0.000257 seconds.
  path: Assets/StarterAssets/ThirdPersonController/Character/Animations/StarterAssetsThirdPerson.controller
  artifactKey: Guid(40db3173a05ae3242b1c182a09b0a183) Importer(815301076,1909f56bfc062723c751e8b465ee728b)
Start importing Assets/StarterAssets/ThirdPersonController/Character/Animations/StarterAssetsThirdPerson.controller using Guid(40db3173a05ae3242b1c182a09b0a183) Importer(815301076,1909f56bfc062723c751e8b465ee728b)  -> (artifact id: 'ade36ef830fb61dcb4f7f7d6ec1586d1') in 0.006363 seconds
  Import took 0.009439 seconds .

========================================================================
Received Prepare
Registering precompiled user dll's ...
Registered in 0.002934 seconds.
Begin MonoManager ReloadAssembly
Native extension for WindowsStandalone target not found
Native extension for WebGL target not found
Refreshing native plugins compatible for Editor in 0.80 ms, found 2 plugins.
Preloading 0 native plugins for Editor in 0.00 ms.
Mono: successfully reloaded assembly
- Completed reload, in  0.835 seconds
Platform modules already initialized, skipping
Refreshing native plugins compatible for Editor in 0.32 ms, found 2 plugins.
Preloading 0 native plugins for Editor in 0.00 ms.
Unloading 1839 Unused Serialized files (Serialized files now loaded: 0)
System memory in use before: 112.3 MB.
System memory in use after: 112.4 MB.

Unloading 15 unused Assets to reduce memory usage. Loaded Objects now: 2451.
Total: 2.049500 ms (FindLiveObjects: 0.185500 ms CreateObjectMapping: 0.056000 ms MarkObjects: 1.738600 ms  DeleteObjects: 0.068800 ms)

========================================================================
Received Prepare
Registering precompiled user dll's ...
Registered in 0.002366 seconds.
Begin MonoManager ReloadAssembly
Native extension for WindowsStandalone target not found
Native extension for WebGL target not found
Refreshing native plugins compatible for Editor in 0.45 ms, found 2 plugins.
Preloading 0 native plugins for Editor in 0.00 ms.
Mono: successfully reloaded assembly
- Completed reload, in  0.827 seconds
Platform modules already initialized, skipping
Refreshing native plugins compatible for Editor in 0.32 ms, found 2 plugins.
Preloading 0 native plugins for Editor in 0.00 ms.
Unloading 1839 Unused Serialized files (Serialized files now loaded: 0)
System memory in use before: 112.3 MB.
System memory in use after: 112.4 MB.

Unloading 15 unused Assets to reduce memory usage. Loaded Objects now: 2454.
Total: 1.734200 ms (FindLiveObjects: 0.161300 ms CreateObjectMapping: 0.059300 ms MarkObjects: 1.454100 ms  DeleteObjects: 0.058900 ms)

========================================================================
Received Prepare
Registering precompiled user dll's ...
Registered in 0.002405 seconds.
Begin MonoManager ReloadAssembly
Native extension for WindowsStandalone target not found
Native extension for WebGL target not found
Refreshing native plugins compatible for Editor in 0.32 ms, found 2 plugins.
Preloading 0 native plugins for Editor in 0.00 ms.
Mono: successfully reloaded assembly
- Completed reload, in  0.772 seconds
Platform modules already initialized, skipping
Refreshing native plugins compatible for Editor in 0.33 ms, found 2 plugins.
Preloading 0 native plugins for Editor in 0.00 ms.
Unloading 1839 Unused Serialized files (Serialized files now loaded: 0)
System memory in use before: 112.3 MB.
System memory in use after: 112.4 MB.

Unloading 15 unused Assets to reduce memory usage. Loaded Objects now: 2457.
Total: 1.811500 ms (FindLiveObjects: 0.186200 ms CreateObjectMapping: 0.095000 ms MarkObjects: 1.470800 ms  DeleteObjects: 0.058900 ms)

