Using pre-set license
Built from '2020.3/staging' branch; Version is '2020.3.10f1 (297d780c91bc) revision 2719096'; Using compiler version '192528614'; Build Type 'Release'
OS: 'Windows 10 Pro; OS build 19041.1415; Version 2004; 64bit' Language: 'en' Physical Memory: 65165 MB
BatchMode: 1, IsHumanControllingUs: 0, StartBugReporterOnCrash: 0, Is64bit: 1, IsPro: 0

 COMMAND LINE ARGUMENTS:
C:\Program Files\Unity\Hub\Editor\2020.3.10f1\Editor\Unity.exe
-adb2
-batchMode
-noUpm
-name
AssetImportWorker0
-projectPath
C:/Users/llancaster/Desktop/Unity Games/CoinSmith
-logFile
Logs/AssetImportWorker0.log
-srvPort
53856
Successfully changed project path to: C:/Users/llancaster/Desktop/Unity Games/CoinSmith
C:/Users/llancaster/Desktop/Unity Games/CoinSmith
Using Asset Import Pipeline V2.
Refreshing native plugins compatible for Editor in 34.06 ms, found 2 plugins.
Preloading 0 native plugins for Editor in 0.00 ms.
Initialize engine version: 2020.3.10f1 (297d780c91bc)
[Subsystems] Discovering subsystems at path C:/Program Files/Unity/Hub/Editor/2020.3.10f1/Editor/Data/Resources/UnitySubsystems
[Subsystems] Discovering subsystems at path C:/Users/llancaster/Desktop/Unity Games/CoinSmith/Assets
GfxDevice: creating device client; threaded=0
Direct3D:
    Version:  Direct3D 11.0 [level 11.1]
    Renderer: NVIDIA Quadro RTX 5000 (ID=0x1eb5)
    Vendor:   
    VRAM:     16170 MB
    Driver:   27.21.14.5241
Initialize mono
Mono path[0] = 'C:/Program Files/Unity/Hub/Editor/2020.3.10f1/Editor/Data/Managed'
Mono path[1] = 'C:/Program Files/Unity/Hub/Editor/2020.3.10f1/Editor/Data/MonoBleedingEdge/lib/mono/unityjit'
Mono config path = 'C:/Program Files/Unity/Hub/Editor/2020.3.10f1/Editor/Data/MonoBleedingEdge/etc'
Using monoOptions --debugger-agent=transport=dt_socket,embedding=1,server=y,suspend=n,address=127.0.0.1:56860
Begin MonoManager ReloadAssembly
Registering precompiled unity dll's ...
Register platform support module: C:/Program Files/Unity/Hub/Editor/2020.3.10f1/Editor/Data/PlaybackEngines/WebGLSupport/UnityEditor.WebGL.Extensions.dll
Register platform support module: C:/Program Files/Unity/Hub/Editor/2020.3.10f1/Editor/Data/PlaybackEngines/WindowsStandaloneSupport/UnityEditor.WindowsStandalone.Extensions.dll
Registered in 0.001829 seconds.
Native extension for WindowsStandalone target not found
Native extension for WebGL target not found
Refreshing native plugins compatible for Editor in 35.20 ms, found 2 plugins.
Preloading 0 native plugins for Editor in 0.00 ms.
Mono: successfully reloaded assembly
- Completed reload, in  2.043 seconds
Platform modules already initialized, skipping
Registering precompiled user dll's ...
Registered in 0.003428 seconds.
Begin MonoManager ReloadAssembly
Native extension for WindowsStandalone target not found
Native extension for WebGL target not found
Refreshing native plugins compatible for Editor in 34.91 ms, found 2 plugins.
Preloading 0 native plugins for Editor in 0.00 ms.
Mono: successfully reloaded assembly
- Completed reload, in  1.061 seconds
Platform modules already initialized, skipping
========================================================================
Worker process is ready to serve import requests
Launched and connected shader compiler UnityShaderCompiler.exe after 0.03 seconds
Refreshing native plugins compatible for Editor in 0.60 ms, found 2 plugins.
Preloading 0 native plugins for Editor in 0.00 ms.
Unloading 1864 Unused Serialized files (Serialized files now loaded: 0)
System memory in use before: 95.2 MB.
System memory in use after: 95.3 MB.

Unloading 22 unused Assets to reduce memory usage. Loaded Objects now: 2313.
Total: 2.461300 ms (FindLiveObjects: 0.173300 ms CreateObjectMapping: 0.063900 ms MarkObjects: 2.125400 ms  DeleteObjects: 0.097600 ms)

========================================================================
Received Import Request.
  path: Assets/Invector-3rdPersonController_LITE/Animator
  artifactKey: Guid(78c5e27d58e962b41acee89c68a46126) Importer(815301076,1909f56bfc062723c751e8b465ee728b)
Start importing Assets/Invector-3rdPersonController_LITE/Animator using Guid(78c5e27d58e962b41acee89c68a46126) Importer(815301076,1909f56bfc062723c751e8b465ee728b)  -> (artifact id: '208fbc93bc3f1ac3930c67d8e53319a7') in 0.009090 seconds
  Import took 0.011734 seconds .

========================================================================
Received Import Request.
  Time since last request: 0.000293 seconds.
  path: Assets/Invector-3rdPersonController_LITE/Animator/Invector@BasicLocomotion.controller
  artifactKey: Guid(cbd1db45c75e5b948a5befe9ecb80421) Importer(815301076,1909f56bfc062723c751e8b465ee728b)
Start importing Assets/Invector-3rdPersonController_LITE/Animator/Invector@BasicLocomotion.controller using Guid(cbd1db45c75e5b948a5befe9ecb80421) Importer(815301076,1909f56bfc062723c751e8b465ee728b)  -> (artifact id: 'bef9eea5bc1ce28c4a4ec7db2ef3a864') in 0.053255 seconds
  Import took 0.057313 seconds .

========================================================================
Received Import Request.
  Time since last request: 0.844034 seconds.
  path: Assets/Invector-3rdPersonController_LITE/3D Models
  artifactKey: Guid(df7a237ce1e4b05448d6e510b58bfa45) Importer(815301076,1909f56bfc062723c751e8b465ee728b)
Start importing Assets/Invector-3rdPersonController_LITE/3D Models using Guid(df7a237ce1e4b05448d6e510b58bfa45) Importer(815301076,1909f56bfc062723c751e8b465ee728b)  -> (artifact id: '3e3a78a7e91abfedb64f4cfaf25d1fcb') in 0.007279 seconds
  Import took 0.010247 seconds .

========================================================================
Received Import Request.
  Time since last request: 1.205114 seconds.
  path: Assets/Invector-3rdPersonController_LITE/3D Models/Animations
  artifactKey: Guid(87ecd9cffcda18a489b8f0b714256e15) Importer(815301076,1909f56bfc062723c751e8b465ee728b)
Start importing Assets/Invector-3rdPersonController_LITE/3D Models/Animations using Guid(87ecd9cffcda18a489b8f0b714256e15) Importer(815301076,1909f56bfc062723c751e8b465ee728b)  -> (artifact id: 'ba102d0c0d77cd602ee849be8002c75b') in 0.002467 seconds
  Import took 0.005154 seconds .

========================================================================
Received Import Request.
  Time since last request: 0.061385 seconds.
  path: Assets/Invector-3rdPersonController_LITE/3D Models/Animations/Basic_FreeMovement.fbx
  artifactKey: Guid(37c6cfe59f56e8a4799011397a870a8b) Importer(815301076,1909f56bfc062723c751e8b465ee728b)
Start importing Assets/Invector-3rdPersonController_LITE/3D Models/Animations/Basic_FreeMovement.fbx using Guid(37c6cfe59f56e8a4799011397a870a8b) Importer(815301076,1909f56bfc062723c751e8b465ee728b)  -> (artifact id: '25feea0106f9e99623392fc6718b3b5c') in 0.027696 seconds
  Import took 0.030991 seconds .

========================================================================
Received Import Request.
  Time since last request: 0.000297 seconds.
  path: Assets/Invector-3rdPersonController_LITE/3D Models/Animations/Basic_StrafeMoveset.fbx
  artifactKey: Guid(13d2640367521314591db34597e3f5d6) Importer(815301076,1909f56bfc062723c751e8b465ee728b)
Start importing Assets/Invector-3rdPersonController_LITE/3D Models/Animations/Basic_StrafeMoveset.fbx using Guid(13d2640367521314591db34597e3f5d6) Importer(815301076,1909f56bfc062723c751e8b465ee728b)  -> (artifact id: '8b6fa14491ecb978ee83155908f048f7') in 0.012159 seconds
  Import took 0.015080 seconds .

========================================================================
Received Prepare
Registering precompiled user dll's ...
Registered in 0.002644 seconds.
Begin MonoManager ReloadAssembly
Native extension for WindowsStandalone target not found
Native extension for WebGL target not found
Refreshing native plugins compatible for Editor in 0.36 ms, found 2 plugins.
Preloading 0 native plugins for Editor in 0.00 ms.
Mono: successfully reloaded assembly
- Completed reload, in  0.895 seconds
Platform modules already initialized, skipping
Refreshing native plugins compatible for Editor in 0.36 ms, found 2 plugins.
Preloading 0 native plugins for Editor in 0.00 ms.
Unloading 1855 Unused Serialized files (Serialized files now loaded: 0)
System memory in use before: 95.4 MB.
System memory in use after: 95.5 MB.

Unloading 15 unused Assets to reduce memory usage. Loaded Objects now: 2316.
Total: 1.928600 ms (FindLiveObjects: 0.181200 ms CreateObjectMapping: 0.078900 ms MarkObjects: 1.597600 ms  DeleteObjects: 0.069800 ms)

========================================================================
Received Prepare
Registering precompiled user dll's ...
Registered in 0.002388 seconds.
Begin MonoManager ReloadAssembly
Native extension for WindowsStandalone target not found
Native extension for WebGL target not found
Refreshing native plugins compatible for Editor in 0.39 ms, found 2 plugins.
Preloading 0 native plugins for Editor in 0.00 ms.
Mono: successfully reloaded assembly
- Completed reload, in  0.901 seconds
Platform modules already initialized, skipping
Refreshing native plugins compatible for Editor in 0.35 ms, found 2 plugins.
Preloading 0 native plugins for Editor in 0.00 ms.
Unloading 1837 Unused Serialized files (Serialized files now loaded: 0)
System memory in use before: 95.0 MB.
System memory in use after: 95.1 MB.

Unloading 24 unused Assets to reduce memory usage. Loaded Objects now: 2310.
Total: 2.202900 ms (FindLiveObjects: 0.193500 ms CreateObjectMapping: 0.079600 ms MarkObjects: 1.842700 ms  DeleteObjects: 0.086300 ms)

========================================================================
Received Import Request.
  Time since last request: 287.562678 seconds.
  path: Assets/StarterAssets/ThirdPersonController/Character/Animations/Jump--InAir.anim.fbx
  artifactKey: Guid(063aa479676c4084ebf187660ca0a7b8) Importer(815301076,1909f56bfc062723c751e8b465ee728b)
Start importing Assets/StarterAssets/ThirdPersonController/Character/Animations/Jump--InAir.anim.fbx using Guid(063aa479676c4084ebf187660ca0a7b8) Importer(815301076,1909f56bfc062723c751e8b465ee728b)  -> (artifact id: '1bb158301909bf6e23902abb21a1f64d') in 0.030665 seconds
  Import took 0.034558 seconds .

========================================================================
Received Import Request.
  Time since last request: 0.000482 seconds.
  path: Assets/StarterAssets/ThirdPersonController/Character/Animations/Stand--Idle.anim.fbx
  artifactKey: Guid(12e52e465ed793a4d801955e9f964a82) Importer(815301076,1909f56bfc062723c751e8b465ee728b)
Start importing Assets/StarterAssets/ThirdPersonController/Character/Animations/Stand--Idle.anim.fbx using Guid(12e52e465ed793a4d801955e9f964a82) Importer(815301076,1909f56bfc062723c751e8b465ee728b)  -> (artifact id: 'd24706157504cff9882345177e2060c4') in 0.012006 seconds
  Import took 0.015494 seconds .

========================================================================
Received Import Request.
  Time since last request: 0.000202 seconds.
  path: Assets/StarterAssets/ThirdPersonController/Character/Animations/Locomotion--Run_N_Land.anim.fbx
  artifactKey: Guid(3c033631149b9c541bcf155cd94cccba) Importer(815301076,1909f56bfc062723c751e8b465ee728b)
Start importing Assets/StarterAssets/ThirdPersonController/Character/Animations/Locomotion--Run_N_Land.anim.fbx using Guid(3c033631149b9c541bcf155cd94cccba) Importer(815301076,1909f56bfc062723c751e8b465ee728b)  -> (artifact id: '8c3df44aa5e98cc6d9dca38047b74fc4') in 0.007803 seconds
  Import took 0.010746 seconds .

========================================================================
Received Import Request.
  Time since last request: 0.000136 seconds.
  path: Assets/StarterAssets/ThirdPersonController/Character/Animations/Jump--Jump.anim.fbx
  artifactKey: Guid(98f277b0c8055e143b2fcf058d3c27dc) Importer(815301076,1909f56bfc062723c751e8b465ee728b)
Start importing Assets/StarterAssets/ThirdPersonController/Character/Animations/Jump--Jump.anim.fbx using Guid(98f277b0c8055e143b2fcf058d3c27dc) Importer(815301076,1909f56bfc062723c751e8b465ee728b)  -> (artifact id: '588b0a13d2f26ccf1b50df9bb32a5a9e') in 0.009504 seconds
  Import took 0.012250 seconds .

========================================================================
Received Import Request.
  Time since last request: 0.000138 seconds.
  path: Assets/StarterAssets/ThirdPersonController/Character/Animations/Locomotion--Run_S.anim.fbx
  artifactKey: Guid(a073c604c44135e438eeeaef77058ac5) Importer(815301076,1909f56bfc062723c751e8b465ee728b)
Start importing Assets/StarterAssets/ThirdPersonController/Character/Animations/Locomotion--Run_S.anim.fbx using Guid(a073c604c44135e438eeeaef77058ac5) Importer(815301076,1909f56bfc062723c751e8b465ee728b)  -> (artifact id: 'ab91690bcced2db20f62928a202ecd67') in 0.008968 seconds
  Import took 0.012425 seconds .

========================================================================
Received Import Request.
  Time since last request: 0.000195 seconds.
  path: Assets/StarterAssets/ThirdPersonController/Character/Animations/Locomotion--Walk_N.anim.fbx
  artifactKey: Guid(8269a9f8cf495034c817722ac21f309f) Importer(815301076,1909f56bfc062723c751e8b465ee728b)
Start importing Assets/StarterAssets/ThirdPersonController/Character/Animations/Locomotion--Walk_N.anim.fbx using Guid(8269a9f8cf495034c817722ac21f309f) Importer(815301076,1909f56bfc062723c751e8b465ee728b)  -> (artifact id: '23c37a8a4681f5d03907d8cbaae90bef') in 0.008874 seconds
  Import took 0.011873 seconds .

========================================================================
Received Import Request.
  Time since last request: 0.000191 seconds.
  path: Assets/StarterAssets/ThirdPersonController/Character/Animations/Locomotion--Run_N.anim.fbx
  artifactKey: Guid(16114d403eabb53438de032c6f0d1deb) Importer(815301076,1909f56bfc062723c751e8b465ee728b)
Start importing Assets/StarterAssets/ThirdPersonController/Character/Animations/Locomotion--Run_N.anim.fbx using Guid(16114d403eabb53438de032c6f0d1deb) Importer(815301076,1909f56bfc062723c751e8b465ee728b)  -> (artifact id: '2bb5bea4b371506c94b8628d0d1e7cf5') in 0.008933 seconds
  Import took 0.011596 seconds .

========================================================================
Received Import Request.
  Time since last request: 0.000222 seconds.
  path: Assets/StarterAssets/ThirdPersonController/Character/Animations/Locomotion--Walk_N_Land.anim.fbx
  artifactKey: Guid(325a26d62b61fa94cb3c97c435efebc5) Importer(815301076,1909f56bfc062723c751e8b465ee728b)
Start importing Assets/StarterAssets/ThirdPersonController/Character/Animations/Locomotion--Walk_N_Land.anim.fbx using Guid(325a26d62b61fa94cb3c97c435efebc5) Importer(815301076,1909f56bfc062723c751e8b465ee728b)  -> (artifact id: 'babb5f7a7c82ae024d1391d3be7316a1') in 0.008813 seconds
  Import took 0.011511 seconds .

========================================================================
Received Import Request.
  Time since last request: 10.241919 seconds.
  path: Assets/StarterAssets/ThirdPersonController/Character/Animations/StarterAssetsThirdPerson.controller
  artifactKey: Guid(40db3173a05ae3242b1c182a09b0a183) Importer(815301076,1909f56bfc062723c751e8b465ee728b)
Start importing Assets/StarterAssets/ThirdPersonController/Character/Animations/StarterAssetsThirdPerson.controller using Guid(40db3173a05ae3242b1c182a09b0a183) Importer(815301076,1909f56bfc062723c751e8b465ee728b)  -> (artifact id: 'a2340bce4e49cf9a050b946b9e8d2675') in 0.014448 seconds
  Import took 0.018044 seconds .

========================================================================
Received Prepare
Registering precompiled user dll's ...
Registered in 0.003611 seconds.
Begin MonoManager ReloadAssembly
Native extension for WindowsStandalone target not found
Native extension for WebGL target not found
Refreshing native plugins compatible for Editor in 0.36 ms, found 2 plugins.
Preloading 0 native plugins for Editor in 0.00 ms.
Mono: successfully reloaded assembly
- Completed reload, in  0.932 seconds
Platform modules already initialized, skipping
Refreshing native plugins compatible for Editor in 0.34 ms, found 2 plugins.
Preloading 0 native plugins for Editor in 0.00 ms.
Unloading 1837 Unused Serialized files (Serialized files now loaded: 0)
System memory in use before: 95.1 MB.
System memory in use after: 95.1 MB.

Unloading 15 unused Assets to reduce memory usage. Loaded Objects now: 2313.
Total: 2.224300 ms (FindLiveObjects: 0.196000 ms CreateObjectMapping: 0.074700 ms MarkObjects: 1.856500 ms  DeleteObjects: 0.096000 ms)

========================================================================
Received Import Request.
  Time since last request: 99.827580 seconds.
  path: Assets/Animations/Terrific Bigery-Tumelo@Walking.fbx
  artifactKey: Guid(31ba4f0b66a27ae40ab2b8e9db372a07) Importer(815301076,1909f56bfc062723c751e8b465ee728b)
Start importing Assets/Animations/Terrific Bigery-Tumelo@Walking.fbx using Guid(31ba4f0b66a27ae40ab2b8e9db372a07) Importer(815301076,1909f56bfc062723c751e8b465ee728b)  -> (artifact id: 'a0d2cfeed6e479a90f7bd4c888496300') in 0.119431 seconds
  Import took 0.122332 seconds .

========================================================================
Received Prepare
Registering precompiled user dll's ...
Registered in 0.004818 seconds.
Begin MonoManager ReloadAssembly
Native extension for WindowsStandalone target not found
Native extension for WebGL target not found
Refreshing native plugins compatible for Editor in 0.91 ms, found 2 plugins.
Preloading 0 native plugins for Editor in 0.00 ms.
Mono: successfully reloaded assembly
- Completed reload, in  1.695 seconds
Platform modules already initialized, skipping
Refreshing native plugins compatible for Editor in 1.23 ms, found 2 plugins.
Preloading 0 native plugins for Editor in 0.00 ms.
Unloading 1837 Unused Serialized files (Serialized files now loaded: 0)
System memory in use before: 112.0 MB.
System memory in use after: 112.0 MB.

Unloading 16 unused Assets to reduce memory usage. Loaded Objects now: 2360.
Total: 5.577600 ms (FindLiveObjects: 0.555100 ms CreateObjectMapping: 0.172000 ms MarkObjects: 4.546400 ms  DeleteObjects: 0.268700 ms)

========================================================================
Received Prepare
Registering precompiled user dll's ...
Registered in 0.003792 seconds.
Begin MonoManager ReloadAssembly
Native extension for WindowsStandalone target not found
Native extension for WebGL target not found
Refreshing native plugins compatible for Editor in 0.84 ms, found 2 plugins.
Preloading 0 native plugins for Editor in 0.00 ms.
Mono: successfully reloaded assembly
- Completed reload, in  1.813 seconds
Platform modules already initialized, skipping
Refreshing native plugins compatible for Editor in 0.69 ms, found 2 plugins.
Preloading 0 native plugins for Editor in 0.00 ms.
Unloading 1837 Unused Serialized files (Serialized files now loaded: 0)
System memory in use before: 112.0 MB.
System memory in use after: 112.1 MB.

Unloading 15 unused Assets to reduce memory usage. Loaded Objects now: 2363.
Total: 5.665000 ms (FindLiveObjects: 0.435100 ms CreateObjectMapping: 0.103500 ms MarkObjects: 5.005600 ms  DeleteObjects: 0.114900 ms)

========================================================================
Received Import Request.
  Time since last request: 297.386250 seconds.
  path: Assets/Animations/Terrific Bigery-Tumelo@Running.fbx
  artifactKey: Guid(cb2265df0c70b294e9655e8380f5a2ae) Importer(815301076,1909f56bfc062723c751e8b465ee728b)
Start importing Assets/Animations/Terrific Bigery-Tumelo@Running.fbx using Guid(cb2265df0c70b294e9655e8380f5a2ae) Importer(815301076,1909f56bfc062723c751e8b465ee728b)  -> (artifact id: '558f91f3ea3ae62603b39ee8496fe31c') in 0.184674 seconds
  Import took 0.190030 seconds .

========================================================================
Received Prepare
Registering precompiled user dll's ...
Registered in 0.004838 seconds.
Begin MonoManager ReloadAssembly
Native extension for WindowsStandalone target not found
Native extension for WebGL target not found
Refreshing native plugins compatible for Editor in 0.78 ms, found 2 plugins.
Preloading 0 native plugins for Editor in 0.00 ms.
Mono: successfully reloaded assembly
- Completed reload, in  1.662 seconds
Platform modules already initialized, skipping
Refreshing native plugins compatible for Editor in 1.12 ms, found 2 plugins.
Preloading 0 native plugins for Editor in 0.00 ms.
Unloading 1837 Unused Serialized files (Serialized files now loaded: 0)
System memory in use before: 112.0 MB.
System memory in use after: 112.1 MB.

Unloading 16 unused Assets to reduce memory usage. Loaded Objects now: 2367.
Total: 2.154500 ms (FindLiveObjects: 0.173800 ms CreateObjectMapping: 0.060900 ms MarkObjects: 1.750100 ms  DeleteObjects: 0.137700 ms)

========================================================================
Received Import Request.
  Time since last request: 50.904930 seconds.
  path: Assets/Animations/Terrific Bigery-Tumelo@Running.fbx
  artifactKey: Guid(cb2265df0c70b294e9655e8380f5a2ae) Importer(815301076,1909f56bfc062723c751e8b465ee728b)
Start importing Assets/Animations/Terrific Bigery-Tumelo@Running.fbx using Guid(cb2265df0c70b294e9655e8380f5a2ae) Importer(815301076,1909f56bfc062723c751e8b465ee728b)  -> (artifact id: 'a3ad9062f8bb859e5c725c895a04f3fd') in 0.143785 seconds
  Import took 0.149955 seconds .

========================================================================
Received Prepare
Registering precompiled user dll's ...
Registered in 0.005663 seconds.
Begin MonoManager ReloadAssembly
Native extension for WindowsStandalone target not found
Native extension for WebGL target not found
Refreshing native plugins compatible for Editor in 1.43 ms, found 2 plugins.
Preloading 0 native plugins for Editor in 0.00 ms.
Mono: successfully reloaded assembly
- Completed reload, in  1.752 seconds
Platform modules already initialized, skipping
Refreshing native plugins compatible for Editor in 0.97 ms, found 2 plugins.
Preloading 0 native plugins for Editor in 0.00 ms.
Unloading 1837 Unused Serialized files (Serialized files now loaded: 0)
System memory in use before: 112.0 MB.
System memory in use after: 112.1 MB.

Unloading 16 unused Assets to reduce memory usage. Loaded Objects now: 2371.
Total: 7.782800 ms (FindLiveObjects: 0.634000 ms CreateObjectMapping: 0.217400 ms MarkObjects: 6.758500 ms  DeleteObjects: 0.168700 ms)

========================================================================
Received Import Request.
  Time since last request: 79.975042 seconds.
  path: Assets/Animations/Terrific Bigery-Tumelo@Jumping Up.fbx
  artifactKey: Guid(848140d3a75d7394cbf7f615f9ed91df) Importer(815301076,1909f56bfc062723c751e8b465ee728b)
Start importing Assets/Animations/Terrific Bigery-Tumelo@Jumping Up.fbx using Guid(848140d3a75d7394cbf7f615f9ed91df) Importer(815301076,1909f56bfc062723c751e8b465ee728b)  -> (artifact id: 'abc2bd8a4286c2e499f5ed1d9190ed70') in 0.176542 seconds
  Import took 0.183090 seconds .

========================================================================
Received Prepare
Registering precompiled user dll's ...
Registered in 0.004736 seconds.
Begin MonoManager ReloadAssembly
Native extension for WindowsStandalone target not found
Native extension for WebGL target not found
Refreshing native plugins compatible for Editor in 1.09 ms, found 2 plugins.
Preloading 0 native plugins for Editor in 0.00 ms.
Mono: successfully reloaded assembly
- Completed reload, in  1.663 seconds
Platform modules already initialized, skipping
Refreshing native plugins compatible for Editor in 0.46 ms, found 2 plugins.
Preloading 0 native plugins for Editor in 0.00 ms.
Unloading 1837 Unused Serialized files (Serialized files now loaded: 0)
System memory in use before: 112.0 MB.
System memory in use after: 112.1 MB.

Unloading 16 unused Assets to reduce memory usage. Loaded Objects now: 2375.
Total: 6.228800 ms (FindLiveObjects: 0.836500 ms CreateObjectMapping: 0.154700 ms MarkObjects: 5.042900 ms  DeleteObjects: 0.191000 ms)

========================================================================
Received Import Request.
  Time since last request: 484.690915 seconds.
  path: Assets/Animations/Terrific Bigery-Tumelo@Jumping Up (1).fbx
  artifactKey: Guid(178b6a07fb7d7b34d86a8a0b2e05e0fa) Importer(815301076,1909f56bfc062723c751e8b465ee728b)
Start importing Assets/Animations/Terrific Bigery-Tumelo@Jumping Up (1).fbx using Guid(178b6a07fb7d7b34d86a8a0b2e05e0fa) Importer(815301076,1909f56bfc062723c751e8b465ee728b)  -> (artifact id: '4522d51fdb5caa689a9aa6b69be7a297') in 0.175220 seconds
  Import took 0.182253 seconds .

========================================================================
Received Import Request.
  Time since last request: 45.317155 seconds.
  path: Assets/Animations/Terrific Bigery-Tumelo@Falling To Landing.fbx
  artifactKey: Guid(205200c65897cce42a1a01103208a2c5) Importer(815301076,1909f56bfc062723c751e8b465ee728b)
Start importing Assets/Animations/Terrific Bigery-Tumelo@Falling To Landing.fbx using Guid(205200c65897cce42a1a01103208a2c5) Importer(815301076,1909f56bfc062723c751e8b465ee728b)  -> (artifact id: '64270803689bcebfc9167427737cf013') in 0.054740 seconds
  Import took 0.060721 seconds .

========================================================================
Received Import Request.
  Time since last request: 0.008957 seconds.
  path: Assets/Animations/Terrific Bigery-Tumelo@Falling To Landing.fbx
  artifactKey: Guid(205200c65897cce42a1a01103208a2c5) Importer(815301076,1909f56bfc062723c751e8b465ee728b)
Start importing Assets/Animations/Terrific Bigery-Tumelo@Falling To Landing.fbx using Guid(205200c65897cce42a1a01103208a2c5) Importer(815301076,1909f56bfc062723c751e8b465ee728b)  -> (artifact id: '64270803689bcebfc9167427737cf013') in 0.068815 seconds
  Import took 0.075576 seconds .

========================================================================
Received Prepare
Registering precompiled user dll's ...
Registered in 0.005281 seconds.
Begin MonoManager ReloadAssembly
Native extension for WindowsStandalone target not found
Native extension for WebGL target not found
Refreshing native plugins compatible for Editor in 0.97 ms, found 2 plugins.
Preloading 0 native plugins for Editor in 0.00 ms.
Mono: successfully reloaded assembly
- Completed reload, in  1.702 seconds
Platform modules already initialized, skipping
Refreshing native plugins compatible for Editor in 0.91 ms, found 2 plugins.
Preloading 0 native plugins for Editor in 0.00 ms.
Unloading 1837 Unused Serialized files (Serialized files now loaded: 0)
System memory in use before: 112.1 MB.
System memory in use after: 112.2 MB.

Unloading 16 unused Assets to reduce memory usage. Loaded Objects now: 2379.
Total: 3.680800 ms (FindLiveObjects: 0.202400 ms CreateObjectMapping: 0.070200 ms MarkObjects: 3.093000 ms  DeleteObjects: 0.311100 ms)

========================================================================
Received Import Request.
  Time since last request: 120.156690 seconds.
  path: Assets/Animations/Terrific Bigery-Tumelo@Backflip.fbx
  artifactKey: Guid(c096e7371104c3f4c886bc9b5d6f748c) Importer(815301076,1909f56bfc062723c751e8b465ee728b)
Start importing Assets/Animations/Terrific Bigery-Tumelo@Backflip.fbx using Guid(c096e7371104c3f4c886bc9b5d6f748c) Importer(815301076,1909f56bfc062723c751e8b465ee728b)  -> (artifact id: '0b71f74d83db323d5183b9be8d7a9e29') in 0.188483 seconds
  Import took 0.193578 seconds .

========================================================================
Received Prepare
Registering precompiled user dll's ...
Registered in 0.003784 seconds.
Begin MonoManager ReloadAssembly
Native extension for WindowsStandalone target not found
Native extension for WebGL target not found
Refreshing native plugins compatible for Editor in 0.90 ms, found 2 plugins.
Preloading 0 native plugins for Editor in 0.00 ms.
Mono: successfully reloaded assembly
- Completed reload, in  1.696 seconds
Platform modules already initialized, skipping
Refreshing native plugins compatible for Editor in 1.46 ms, found 2 plugins.
Preloading 0 native plugins for Editor in 0.00 ms.
Unloading 1837 Unused Serialized files (Serialized files now loaded: 0)
System memory in use before: 112.1 MB.
System memory in use after: 112.2 MB.

Unloading 16 unused Assets to reduce memory usage. Loaded Objects now: 2383.
Total: 6.680400 ms (FindLiveObjects: 0.645800 ms CreateObjectMapping: 0.454100 ms MarkObjects: 5.252100 ms  DeleteObjects: 0.323100 ms)

========================================================================
Received Import Request.
  Time since last request: 42.663686 seconds.
  path: Assets/Animations/Terrific Bigery-Tumelo@Backflip.fbx
  artifactKey: Guid(c096e7371104c3f4c886bc9b5d6f748c) Importer(815301076,1909f56bfc062723c751e8b465ee728b)
Start importing Assets/Animations/Terrific Bigery-Tumelo@Backflip.fbx using Guid(c096e7371104c3f4c886bc9b5d6f748c) Importer(815301076,1909f56bfc062723c751e8b465ee728b)  -> (artifact id: 'eee72d274619e40e32082ccc04edb482') in 0.189226 seconds
  Import took 0.195739 seconds .

========================================================================
Received Prepare
Registering precompiled user dll's ...
Registered in 0.003956 seconds.
Begin MonoManager ReloadAssembly
Native extension for WindowsStandalone target not found
Native extension for WebGL target not found
Refreshing native plugins compatible for Editor in 0.34 ms, found 2 plugins.
Preloading 0 native plugins for Editor in 0.00 ms.
Mono: successfully reloaded assembly
- Completed reload, in  1.441 seconds
Platform modules already initialized, skipping
Refreshing native plugins compatible for Editor in 0.38 ms, found 2 plugins.
Preloading 0 native plugins for Editor in 0.00 ms.
Unloading 1837 Unused Serialized files (Serialized files now loaded: 0)
System memory in use before: 112.1 MB.
System memory in use after: 112.2 MB.

Unloading 16 unused Assets to reduce memory usage. Loaded Objects now: 2387.
Total: 5.674600 ms (FindLiveObjects: 0.292800 ms CreateObjectMapping: 0.141700 ms MarkObjects: 5.039400 ms  DeleteObjects: 0.198600 ms)

========================================================================
Received Import Request.
  Time since last request: 62.137107 seconds.
  path: Assets/Animations/Terrific Bigery-Tumelo@Falling.fbx
  artifactKey: Guid(3808ffd9e0a02f748908096434ea6b2b) Importer(815301076,1909f56bfc062723c751e8b465ee728b)
Start importing Assets/Animations/Terrific Bigery-Tumelo@Falling.fbx using Guid(3808ffd9e0a02f748908096434ea6b2b) Importer(815301076,1909f56bfc062723c751e8b465ee728b)  -> (artifact id: '369dddd3b41f28ed4c4745f29eefb14b') in 0.199514 seconds
  Import took 0.209427 seconds .

========================================================================
Received Prepare
Registering precompiled user dll's ...
Registered in 0.006484 seconds.
Begin MonoManager ReloadAssembly
Native extension for WindowsStandalone target not found
Native extension for WebGL target not found
Refreshing native plugins compatible for Editor in 0.42 ms, found 2 plugins.
Preloading 0 native plugins for Editor in 0.00 ms.
Mono: successfully reloaded assembly
- Completed reload, in  1.873 seconds
Platform modules already initialized, skipping
Refreshing native plugins compatible for Editor in 0.59 ms, found 2 plugins.
Preloading 0 native plugins for Editor in 0.00 ms.
Unloading 1837 Unused Serialized files (Serialized files now loaded: 0)
System memory in use before: 112.1 MB.
System memory in use after: 112.2 MB.

Unloading 16 unused Assets to reduce memory usage. Loaded Objects now: 2391.
Total: 6.110400 ms (FindLiveObjects: 0.559200 ms CreateObjectMapping: 0.202000 ms MarkObjects: 5.225900 ms  DeleteObjects: 0.121600 ms)

AssetImportWorkerClient::OnTransportError - code=2 error=End of file
